<?xml version="1.0" encoding="UTF-8"?>
<!-- Generated by org.testng.reporters.JUnitXMLReporter -->
<testsuite ignored="0" hostname="LAPTOP-9853DHEH" failures="1" tests="1" name="Surefire test" time="8.986" errors="0" timestamp="2024-06-30T04:39:43 GMT-04:00">
  <testcase classname="io.cucumber.testng.AbstractTestNGCucumberTests" name="runScenario" time="8.338">
    <failure type="java.lang.AssertionError" message="expected [] but found [Incorrect email or password.]">
      <![CDATA[java.lang.AssertionError: expected [] but found [Incorrect email or password.]
at Ammu.stepDefinitions.StepDefinitionsImpl.message_displayed(StepDefinitionsImpl.java:68)
at âœ½."Incorrect email or password." message is displayed(file:///C:/Users/PC/eclipse-workspace/SeleniumFrameworkDesign/src/test/java/cucumber/ErrorValidations.feature:11)
... Removed 6 stack frames]]>
    </failure>
  </testcase> <!-- runScenario -->
</testsuite> <!-- Surefire test -->
