<?xml version="1.0" encoding="UTF-8"?>
<!-- Generated by org.testng.reporters.JUnitReportReporter -->
<testsuite hostname="LAPTOP-9853DHEH" failures="1" tests="1" name="cucumber.TestNGTestRunner" time="8.338" errors="0" timestamp="2024-06-30T04:39:43 GMT-04:00" skipped="0">
  <testcase classname="cucumber.TestNGTestRunner" name="runScenario" time="8.338">
    <failure message="expected [] but found [Incorrect email or password.]" type="java.lang.AssertionError">
      <![CDATA[java.lang.AssertionError: expected [] but found [Incorrect email or password.]
at org.testng.Assert.fail(Assert.java:111)
at org.testng.Assert.failNotEquals(Assert.java:1578)
at org.testng.Assert.assertEqualsImpl(Assert.java:150)
at org.testng.Assert.assertEquals(Assert.java:132)
at org.testng.Assert.assertEquals(Assert.java:656)
at org.testng.Assert.assertEquals(Assert.java:666)
at Ammu.stepDefinitions.StepDefinitionsImpl.message_displayed(StepDefinitionsImpl.java:68)
at âœ½."Incorrect email or password." message is displayed(file:///C:/Users/PC/eclipse-workspace/SeleniumFrameworkDesign/src/test/java/cucumber/ErrorValidations.feature:11)
]]>
    </failure>
  </testcase> <!-- runScenario -->
</testsuite> <!-- cucumber.TestNGTestRunner -->
